[debug] [2024-02-06T12:10:42.880Z] ----------------------------------------------------------------------
[debug] [2024-02-06T12:10:42.886Z] Command:       C:\Program Files\nodejs\node.exe C:\Users\M_sum\AppData\Roaming\npm\node_modules\firebase-tools\lib\bin\firebase.js init
[debug] [2024-02-06T12:10:42.886Z] CLI Version:   13.1.0
[debug] [2024-02-06T12:10:42.887Z] Platform:      win32
[debug] [2024-02-06T12:10:42.887Z] Node Version:  v20.11.0
[debug] [2024-02-06T12:10:42.887Z] Time:          Tue Feb 06 2024 17:10:42 GMT+0500 (Pakistan Standard Time)
[debug] [2024-02-06T12:10:42.887Z] ----------------------------------------------------------------------
[debug] 
[debug] [2024-02-06T12:10:42.896Z] > command requires scopes: ["email","openid","https://www.googleapis.com/auth/cloudplatformprojects.readonly","https://www.googleapis.com/auth/firebase","https://www.googleapis.com/auth/cloud-platform"]
[debug] [2024-02-06T12:10:42.897Z] > authorizing via signed-in user (msumair543@gmail.com)
[info] 
     ######## #### ########  ######## ########     ###     ######  ########
     ##        ##  ##     ## ##       ##     ##  ##   ##  ##       ##
     ######    ##  ########  ######   ########  #########  ######  ######
     ##        ##  ##    ##  ##       ##     ## ##     ##       ## ##
     ##       #### ##     ## ######## ########  ##     ##  ######  ########

You're about to initialize a Firebase project in this directory:

  C:\Users\M_sum\Desktop\REACT-APP\Text-Enhancer

[info] 
=== Project Setup
[info] 
[info] First, let's associate this project directory with a Firebase project.
[info] You can create multiple project aliases by running firebase use --add, 
[info] but for now we'll just set up a default project.
[info] 
[debug] [2024-02-06T12:12:03.607Z] >>> [apiv2][query] GET https://firebase.googleapis.com/v1beta1/projects pageSize=100
[debug] [2024-02-06T12:12:04.361Z] <<< [apiv2][status] GET https://firebase.googleapis.com/v1beta1/projects 200
[debug] [2024-02-06T12:12:04.362Z] <<< [apiv2][body] GET https://firebase.googleapis.com/v1beta1/projects [omitted]
[info] i  Using project text-enhancer-efcf7 (Text Enhancer) 
[info] 
=== Hosting Setup
[debug] [2024-02-06T12:12:10.288Z] >>> [apiv2][query] GET https://firebase.googleapis.com/v1beta1/projects/text-enhancer-efcf7 [none]
[debug] [2024-02-06T12:12:10.873Z] <<< [apiv2][status] GET https://firebase.googleapis.com/v1beta1/projects/text-enhancer-efcf7 200
[debug] [2024-02-06T12:12:10.874Z] <<< [apiv2][body] GET https://firebase.googleapis.com/v1beta1/projects/text-enhancer-efcf7 {"projectId":"text-enhancer-efcf7","projectNumber":"978648196150","displayName":"Text Enhancer","name":"projects/text-enhancer-efcf7","resources":{"hostingSite":"text-enhancer-efcf7"},"state":"ACTIVE","etag":"1_c70e97ad-ae84-41cb-b2e4-43bd4ca2b48b"}
[info] 
[info] Your public directory is the folder (relative to your project directory) that
[info] will contain Hosting assets to be uploaded with firebase deploy. If you
[info] have a build process for your assets, use your build's output directory.
[info] 
[info] +  Wrote y/404.html 
[debug] [2024-02-06T12:13:55.378Z] >>> [apiv2][query] GET https://www.gstatic.com/firebasejs/releases.json [none]
[debug] [2024-02-06T12:13:55.597Z] <<< [apiv2][status] GET https://www.gstatic.com/firebasejs/releases.json 200
[debug] [2024-02-06T12:13:55.598Z] <<< [apiv2][body] GET https://www.gstatic.com/firebasejs/releases.json {"current":{"version":"10.8.0","browserURL":"https://www.gstatic.com/firebasejs/10.8.0/firebase.js","packageURL":"https://www.gstatic.com/firebasejs/10.8.0/firebase.tgz"},"live":{"version":"10.8","browserURL":"https://www.gstatic.com/firebasejs/live/10.8/firebase.js","packageURL":"https://www.gstatic.com/firebasejs/live/10.8/firebase.tgz"},"components":{"analytics":"https://www.gstatic.com/firebasejs/10.8.0/firebase-analytics.js","app":"https://www.gstatic.com/firebasejs/10.8.0/firebase-app.js","app-check":"https://www.gstatic.com/firebasejs/10.8.0/firebase-app-check.js","auth":"https://www.gstatic.com/firebasejs/10.8.0/firebase-auth.js","auth/cordova":"https://www.gstatic.com/firebasejs/10.8.0/firebase-auth/cordova.js","auth/web-extension":"https://www.gstatic.com/firebasejs/10.8.0/firebase-auth/web-extension.js","functions":"https://www.gstatic.com/firebasejs/10.8.0/firebase-functions.js","firestore":"https://www.gstatic.com/firebasejs/10.8.0/firebase-firestore.js","firestore/lite":"https://www.gstatic.com/firebasejs/10.8.0/firebase-firestore/lite.js","installations":"https://www.gstatic.com/firebasejs/10.8.0/firebase-installations.js","storage":"https://www.gstatic.com/firebasejs/10.8.0/firebase-storage.js","performance":"https://www.gstatic.com/firebasejs/10.8.0/firebase-performance.js","remote-config":"https://www.gstatic.com/firebasejs/10.8.0/firebase-remote-config.js","messaging":"https://www.gstatic.com/firebasejs/10.8.0/firebase-messaging.js","messaging/sw":"https://www.gstatic.com/firebasejs/10.8.0/firebase-messaging/sw.js","database":"https://www.gstatic.com/firebasejs/10.8.0/firebase-database.js","firestore.memory":"https://www.gstatic.com/firebasejs/10.8.0/firebase-firestore.memory.js"}}
[info] +  Wrote y/index.html 
[info] 
[info] i  Detected a .git folder at C:\Users\M_sum\Desktop\REACT-APP\Text-Enhancer 
[info] i  Authorizing with GitHub to upload your service account to a GitHub repository's secrets store. 
[info] 
[info] Visit this URL on this device to log in:
[info] https://github.com/login/oauth/authorize?client_id=89cf50f02ac6aaed3484&state=533889869&redirect_uri=http%3A%2F%2Flocalhost%3A9005&scope=read%3Auser%20repo%20public_repo
[info] 
[info] Waiting for authentication...
[debug] [2024-02-06T12:15:06.773Z] >>> [apiv2][query] POST https://github.com/login/oauth/access_token [none]
[debug] [2024-02-06T12:15:06.773Z] >>> [apiv2][body] POST https://github.com/login/oauth/access_token [stream]
[debug] [2024-02-06T12:15:07.297Z] <<< [apiv2][status] POST https://github.com/login/oauth/access_token 200
[debug] [2024-02-06T12:15:07.298Z] <<< [apiv2][body] POST https://github.com/login/oauth/access_token {"access_token":"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","token_type":"bearer","scope":"read:user,repo"}
[debug] [2024-02-06T12:15:07.322Z] >>> [apiv2][query] GET https://api.github.com/user [none]
[debug] [2024-02-06T12:15:07.875Z] <<< [apiv2][status] GET https://api.github.com/user 200
[debug] [2024-02-06T12:15:07.875Z] <<< [apiv2][body] GET https://api.github.com/user {"login":"muhammadsumair1","id":158849615,"node_id":"U_kgDOCXfaTw","avatar_url":"https://avatars.githubusercontent.com/u/158849615?v=4","gravatar_id":"","url":"https://api.github.com/users/muhammadsumair1","html_url":"https://github.com/muhammadsumair1","followers_url":"https://api.github.com/users/muhammadsumair1/followers","following_url":"https://api.github.com/users/muhammadsumair1/following{/other_user}","gists_url":"https://api.github.com/users/muhammadsumair1/gists{/gist_id}","starred_url":"https://api.github.com/users/muhammadsumair1/starred{/owner}{/repo}","subscriptions_url":"https://api.github.com/users/muhammadsumair1/subscriptions","organizations_url":"https://api.github.com/users/muhammadsumair1/orgs","repos_url":"https://api.github.com/users/muhammadsumair1/repos","events_url":"https://api.github.com/users/muhammadsumair1/events{/privacy}","received_events_url":"https://api.github.com/users/muhammadsumair1/received_events","type":"User","site_admin":false,"name":null,"company":null,"blog":"","location":null,"email":null,"hireable":null,"bio":null,"twitter_username":null,"public_repos":1,"public_gists":0,"followers":0,"following":0,"created_at":"2024-02-04T18:57:10Z","updated_at":"2024-02-04T18:57:10Z","private_gists":0,"total_private_repos":1,"owned_private_repos":1,"disk_usage":280,"collaborators":0,"two_factor_authentication":false,"plan":{"name":"free","space":976562499,"collaborators":0,"private_repos":10000}}
[info] 
[info] +  Success! Logged into GitHub as muhammadsumair1 
[info] 
[debug] [2024-02-06T12:19:51.546Z] ----------------------------------------------------------------------
[debug] [2024-02-06T12:19:51.549Z] Command:       C:\Program Files\nodejs\node.exe C:\Users\M_sum\AppData\Roaming\npm\node_modules\firebase-tools\lib\bin\firebase.js login
[debug] [2024-02-06T12:19:51.550Z] CLI Version:   13.1.0
[debug] [2024-02-06T12:19:51.550Z] Platform:      win32
[debug] [2024-02-06T12:19:51.550Z] Node Version:  v20.11.0
[debug] [2024-02-06T12:19:51.550Z] Time:          Tue Feb 06 2024 17:19:51 GMT+0500 (Pakistan Standard Time)
[debug] [2024-02-06T12:19:51.550Z] ----------------------------------------------------------------------
[debug] 
[info] Already logged in as msumair543@gmail.com
